19-Aug-2020 16:09:57 KST  Initiating request to open file root://cmsxrootd.fnal.gov//store/mc/RunIIAutumn18MiniAOD/QCD_HT1500to2000_TuneCP5_13TeV-madgraphMLM-pythia8/MINIAODSIM/102X_upgrade2018_realistic_v15-v1/80000/FECAAFAF-32B5-994C-B500-FAC36BBB8F60.root
%MSG-w XrdAdaptor:  file_open 19-Aug-2020 16:10:04 KST pre-events
Data is served from T2_US_Florida instead of original site T1_US_FNAL
%MSG
19-Aug-2020 16:10:06 KST  Successfully opened file root://cmsxrootd.fnal.gov//store/mc/RunIIAutumn18MiniAOD/QCD_HT1500to2000_TuneCP5_13TeV-madgraphMLM-pythia8/MINIAODSIM/102X_upgrade2018_realistic_v15-v1/80000/FECAAFAF-32B5-994C-B500-FAC36BBB8F60.root
[2020-08-19 16:10:54.074688 +0900][Error  ][AsyncSock         ] [cmsio4.rc.ufl.edu:1094 #0.0] Socket error while handshaking: [ERROR] Socket timeout
[2020-08-19 16:10:54.074811 +0900][Error  ][PostMaster        ] [cmsio4.rc.ufl.edu:1094 #0] elapsed = 45, pConnectionWindow = 31 seconds.
[2020-08-19 16:11:39.301223 +0900][Error  ][AsyncSock         ] [cmsio4.rc.ufl.edu:1094 #0.0] Socket error while handshaking: [ERROR] Socket timeout
[2020-08-19 16:11:39.301282 +0900][Error  ][PostMaster        ] [cmsio4.rc.ufl.edu:1094 #0] elapsed = 45, pConnectionWindow = 31 seconds.
Begin processing the 1st record. Run 1, Event 88501656, LumiSection 8223 on stream 0 at 19-Aug-2020 16:11:46.376 KST
Begin processing the 10001st record. Run 1, Event 88371358, LumiSection 8210 on stream 0 at 19-Aug-2020 16:11:49.826 KST
Begin processing the 20001st record. Run 1, Event 91019355, LumiSection 8456 on stream 0 at 19-Aug-2020 16:11:50.612 KST
Begin processing the 30001st record. Run 1, Event 107896590, LumiSection 10024 on stream 0 at 19-Aug-2020 16:11:51.398 KST
Begin processing the 40001st record. Run 1, Event 110146411, LumiSection 10233 on stream 0 at 19-Aug-2020 16:11:52.200 KST
    891.574000      2.404110      1.529058             2
    260.197000      0.701521      1.529058             1
     21.613100      0.058326      1.529058             0
 
19-Aug-2020 16:11:52 KST  Closed file root://cmsxrootd.fnal.gov//store/mc/RunIIAutumn18MiniAOD/QCD_HT1500to2000_TuneCP5_13TeV-madgraphMLM-pythia8/MINIAODSIM/102X_upgrade2018_realistic_v15-v1/80000/FECAAFAF-32B5-994C-B500-FAC36BBB8F60.root

------------------------------------
GenXsecAnalyzer:
------------------------------------
-------------------------------------------------------------------------------------------------------------------------------------------------------------------------- 
Overall cross-section summary 
--------------------------------------------------------------------------------------------------------------------------------------------------------------------------
Process		xsec_before [pb]		passed	nposw	nnegw	tried	nposw	nnegw 	xsec_match [pb]			accepted [%]	 event_eff [%]
0		2.117e+01 +/- 8.422e-03		261	258	3	9348	9312	36	5.819e-01 +/- 3.634e-02		2.7 +/- 0.2	2.8 +/- 0.2
1		2.583e+02 +/- 1.028e-01		1088	1086	2	111662	111157	505	2.531e+00 +/- 7.663e-02		1.0 +/- 0.0	1.0 +/- 0.0
2		8.859e+02 +/- 3.525e-01		41544	41412	132	384898	383079	1819	9.592e+01 +/- 4.489e-01		10.8 +/- 0.1	10.8 +/- 0.1
-------------------------------------------------------------------------------------------------------------------------------------------------------------------------- 
Total		1.165e+03 +/- 3.672e-01		42893	42756	137	505908	503548	2360	9.910e+01 +/- 4.618e-01		8.5 +/- 0.0	8.5 +/- 0.0
--------------------------------------------------------------------------------------------------------------------------------------------------------------------------
Before matching: total cross section = 1.165e+03 +- 3.672e-01 pb
After matching: total cross section = 9.910e+01 +- 4.618e-01 pb
Matching efficiency = 0.1 +/- 0.0   [TO BE USED IN MCM]
Filter efficiency (taking into account weights)= (42605.9) / (42605.9) = 1.000e+00 +- 0.000e+00
Filter efficiency (event-level)= (42893) / (42893) = 1.000e+00 +- 0.000e+00    [TO BE USED IN MCM]

After filter: final cross section = 9.910e+01 +- 4.618e-01 pb
After filter: final fraction of events with negative weights = 3.194e-03 +- 8.702e-07
After filter: final equivalent lumi for 1M events (1/fb) = 9.962e+00 +- 4.624e-01

=============================================

MessageLogger Summary

 type     category        sev    module        subroutine        count    total
 ---- -------------------- -- ---------------- ----------------  -----    -----
    1 GenXSecAnalyzer      -w GenXSecAnalyzer:                      17       17
    2 XrdAdaptor           -w file_open                              1        1
    3 fileAction           -s file_close                             1        1
    4 fileAction           -s file_open                              2        2

 type    category    Examples: run/evt        run/evt          run/evt
 ---- -------------------- ---------------- ---------------- ----------------
    1 GenXSecAnalyzer      PostGlobalEndRun PostGlobalEndRun PostGlobalEndRun
    2 XrdAdaptor           pre-events                        
    3 fileAction           PostGlobalEndRun                  
    4 fileAction           pre-events       pre-events       

Severity    # Occurrences   Total Occurrences
--------    -------------   -----------------
Warning                18                  18
System                  3                   3

dropped waiting message count 0
